[debug] [2022-08-23T15:28:19.266Z] ----------------------------------------------------------------------
[debug] [2022-08-23T15:28:19.269Z] Command:       C:\Program Files\nodejs\node.exe C:\Users\Dell\AppData\Roaming\npm\node_modules\firebase-tools\lib\bin\firebase.js init
[debug] [2022-08-23T15:28:19.269Z] CLI Version:   11.7.0
[debug] [2022-08-23T15:28:19.269Z] Platform:      win32
[debug] [2022-08-23T15:28:19.270Z] Node Version:  v14.18.0
[debug] [2022-08-23T15:28:19.271Z] Time:          Tue Aug 23 2022 20:58:19 GMT+0530 (India Standard Time)
[debug] [2022-08-23T15:28:19.272Z] ----------------------------------------------------------------------
[debug] 
[debug] [2022-08-23T15:28:19.379Z] > command requires scopes: ["email","openid","https://www.googleapis.com/auth/cloudplatformprojects.readonly","https://www.googleapis.com/auth/firebase","https://www.googleapis.com/auth/cloud-platform"]
[debug] [2022-08-23T15:28:19.380Z] > authorizing via signed-in user (gurjantrandhawa74456@gmail.com)
[info] 
     ######## #### ########  ######## ########     ###     ######  ########
     ##        ##  ##     ## ##       ##     ##  ##   ##  ##       ##
     ######    ##  ########  ######   ########  #########  ######  ######
     ##        ##  ##    ##  ##       ##     ## ##     ##       ## ##
     ##       #### ##     ## ######## ########  ##     ##  ######  ########

You're about to initialize a Firebase project in this directory:

  C:\Users\Dell\WebstormProjects\amzonclone

Before we get started, keep in mind:

  * You are initializing within an existing Firebase project directory

[info] 
=== Project Setup
[info] 
[info] First, let's associate this project directory with a Firebase project.
[info] You can create multiple project aliases by running firebase use --add, 
[info] but for now we'll just set up a default project.
[info] 
[debug] [2022-08-23T15:28:40.333Z] Using project from CLI flag: e-clone-b0b92
[debug] [2022-08-23T15:28:40.336Z] >>> [apiv2][query] GET https://firebase.googleapis.com/v1beta1/projects/e-clone-b0b92 [none]
[debug] [2022-08-23T15:28:41.103Z] <<< [apiv2][status] GET https://firebase.googleapis.com/v1beta1/projects/e-clone-b0b92 200
[debug] [2022-08-23T15:28:41.104Z] <<< [apiv2][body] GET https://firebase.googleapis.com/v1beta1/projects/e-clone-b0b92 {"projectId":"e-clone-b0b92","projectNumber":"522541494967","displayName":"amazone-clone","name":"projects/e-clone-b0b92","resources":{"hostingSite":"e-clone-b0b92","storageBucket":"e-clone-b0b92.appspot.com","locationId":"asia-east1"},"state":"ACTIVE","etag":"1_d949e6f0-f364-4658-98f9-5aa67fe56bca"}
[info] i  Using project e-clone-b0b92 (amazone-clone) 
[info] 
=== Hosting Setup
[info] 
[info] Your public directory is the folder (relative to your project directory) that
[info] will contain Hosting assets to be uploaded with firebase deploy. If you
[info] have a build process for your assets, use your build's output directory.
[info] 
[debug] [2022-08-23T15:29:02.743Z] >>> [apiv2][query] GET https://www.gstatic.com/firebasejs/releases.json [none]
[debug] [2022-08-23T15:29:03.308Z] <<< [apiv2][status] GET https://www.gstatic.com/firebasejs/releases.json 200
[debug] [2022-08-23T15:29:03.309Z] <<< [apiv2][body] GET https://www.gstatic.com/firebasejs/releases.json {"current":{"version":"9.9.3","browserURL":"https://www.gstatic.com/firebasejs/9.9.3/firebase.js","packageURL":"https://www.gstatic.com/firebasejs/9.9.3/firebase.tgz"},"live":{"version":"9.9","browserURL":"https://www.gstatic.com/firebasejs/live/9.9/firebase.js","packageURL":"https://www.gstatic.com/firebasejs/live/9.9/firebase.tgz"},"components":{"analytics":"https://www.gstatic.com/firebasejs/9.9.3/firebase-analytics.js","app":"https://www.gstatic.com/firebasejs/9.9.3/firebase-app.js","app-check":"https://www.gstatic.com/firebasejs/9.9.3/firebase-app-check.js","auth":"https://www.gstatic.com/firebasejs/9.9.3/firebase-auth.js","auth/cordova":"https://www.gstatic.com/firebasejs/9.9.3/firebase-auth/cordova.js","auth/react-native":"https://www.gstatic.com/firebasejs/9.9.3/firebase-auth/react-native.js","functions":"https://www.gstatic.com/firebasejs/9.9.3/firebase-functions.js","firestore":"https://www.gstatic.com/firebasejs/9.9.3/firebase-firestore.js","firestore/lite":"https://www.gstatic.com/firebasejs/9.9.3/firebase-firestore/lite.js","installations":"https://www.gstatic.com/firebasejs/9.9.3/firebase-installations.js","storage":"https://www.gstatic.com/firebasejs/9.9.3/firebase-storage.js","performance":"https://www.gstatic.com/firebasejs/9.9.3/firebase-performance.js","remote-config":"https://www.gstatic.com/firebasejs/9.9.3/firebase-remote-config.js","messaging":"https://www.gstatic.com/firebasejs/9.9.3/firebase-messaging.js","messaging/sw":"https://www.gstatic.com/firebasejs/9.9.3/firebase-messaging/sw.js","database":"https://www.gstatic.com/firebasejs/9.9.3/firebase-database.js","firestore.memory":"https://www.gstatic.com/firebasejs/9.9.3/firebase-firestore.memory.js"}}
[info] +  Wrote public/index.html 
[info] 
[info] i  Detected a .git folder at C:\Users\Dell 
[info] i  Authorizing with GitHub to upload your service account to a GitHub repository's secrets store. 
[info] 
[info] Visit this URL on this device to log in:
[info] https://github.com/login/oauth/authorize?client_id=89cf50f02ac6aaed3484&state=538215690&redirect_uri=http%3A%2F%2Flocalhost%3A9005&scope=read%3Auser%20repo%20public_repo
[info] 
[info] Waiting for authentication...
[debug] [2022-08-23T15:29:08.687Z] >>> [apiv2][query] POST https://github.com/login/oauth/access_token [none]
[debug] [2022-08-23T15:29:08.687Z] >>> [apiv2][body] POST https://github.com/login/oauth/access_token [stream]
[debug] [2022-08-23T15:29:09.339Z] <<< [apiv2][status] POST https://github.com/login/oauth/access_token 200
[debug] [2022-08-23T15:29:09.340Z] <<< [apiv2][body] POST https://github.com/login/oauth/access_token {"access_token":"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","token_type":"bearer","scope":"read:user,repo"}
[debug] [2022-08-23T15:29:09.379Z] >>> [apiv2][query] GET https://api.github.com/user [none]
[debug] [2022-08-23T15:29:09.967Z] <<< [apiv2][status] GET https://api.github.com/user 200
[debug] [2022-08-23T15:29:09.968Z] <<< [apiv2][body] GET https://api.github.com/user {"login":"Gurjantrandahwa","id":101963722,"node_id":"U_kgDOBhPXyg","avatar_url":"https://avatars.githubusercontent.com/u/101963722?v=4","gravatar_id":"","url":"https://api.github.com/users/Gurjantrandahwa","html_url":"https://github.com/Gurjantrandahwa","followers_url":"https://api.github.com/users/Gurjantrandahwa/followers","following_url":"https://api.github.com/users/Gurjantrandahwa/following{/other_user}","gists_url":"https://api.github.com/users/Gurjantrandahwa/gists{/gist_id}","starred_url":"https://api.github.com/users/Gurjantrandahwa/starred{/owner}{/repo}","subscriptions_url":"https://api.github.com/users/Gurjantrandahwa/subscriptions","organizations_url":"https://api.github.com/users/Gurjantrandahwa/orgs","repos_url":"https://api.github.com/users/Gurjantrandahwa/repos","events_url":"https://api.github.com/users/Gurjantrandahwa/events{/privacy}","received_events_url":"https://api.github.com/users/Gurjantrandahwa/received_events","type":"User","site_admin":false,"name":null,"company":null,"blog":"","location":null,"email":null,"hireable":null,"bio":null,"twitter_username":null,"public_repos":15,"public_gists":0,"followers":0,"following":0,"created_at":"2022-03-20T06:00:36Z","updated_at":"2022-08-20T06:44:59Z","private_gists":7,"total_private_repos":0,"owned_private_repos":0,"disk_usage":65066,"collaborators":0,"two_factor_authentication":false,"plan":{"name":"free","space":976562499,"collaborators":0,"private_repos":10000}}
[info] 
[info] +  Success! Logged into GitHub as Gurjantrandahwa 
[info] 
[debug] [2022-08-23T15:29:21.151Z] >>> [apiv2][query] GET https://api.github.com/repos//actions/secrets/public-key type=owner
[debug] [2022-08-23T15:29:21.688Z] <<< [apiv2][status] GET https://api.github.com/repos//actions/secrets/public-key 404
[debug] [2022-08-23T15:29:21.688Z] <<< [apiv2][body] GET https://api.github.com/repos//actions/secrets/public-key {"message":"Not Found","documentation_url":"https://docs.github.com/rest"}
